== Info: Host localhost:8005 was resolved.
== Info: IPv6: ::1
== Info: IPv4: 127.0.0.1
== Info:   Trying [::1]:8005...
== Info: connect to ::1 port 8005 from ::1 port 35396 failed: Connection refused
== Info:   Trying 127.0.0.1:8005...
== Info: Connected to localhost (127.0.0.1) port 8005
=> Send header, 163 bytes (0xa3)
0000: POST /feedback HTTP/1.1
0019: Host: localhost:8005
002f: User-Agent: curl/8.5.0
0047: Accept: */*
0054: Transfer-Encoding: chunked
0070: Content-Type: application/x-www-form-urlencoded
00a1: 
=> Send data, 31 bytes (0x1f)
0000: 14
0004: message=chunked+test
001a: 0
001d: 
<= Recv header, 20 bytes (0x14)
0000: HTTP/1.1 302 Found
<= Recv header, 35 bytes (0x23)
0000: Location: /cgi/submit-feedback.py
<= Recv header, 19 bytes (0x13)
0000: Connection: close
<= Recv header, 2 bytes (0x2)
0000: 
== Info: Closing connection
